[22:36:58] [main/INFO]: Setting user: Player312
[22:36:59] [Client thread/INFO]: LWJGL Version: 2.9.1
[22:37:04] [Client thread/INFO]: Reloading ResourceManager: Default, FMLFileResourcePack:Forge Mod Loader, FMLFileResourcePack:Minecraft Forge, FMLFileResourcePack:Mystic Energies
[22:37:04] [Sound Library Loader/INFO]: Sound engine started
[22:37:05] [Client thread/INFO]: Created: 512x256 textures/blocks-atlas
[22:37:05] [Client thread/INFO]: Created: 256x256 textures/items-atlas
[22:37:06] [Client thread/INFO]: Reloading ResourceManager: Default, FMLFileResourcePack:Forge Mod Loader, FMLFileResourcePack:Minecraft Forge, FMLFileResourcePack:Mystic Energies
[22:37:06] [Client thread/INFO]: Created: 256x256 textures/items-atlas
[22:37:06] [Client thread/INFO]: Created: 512x256 textures/blocks-atlas
[22:37:07] [Sound Library Loader/INFO]: Sound engine started
[22:37:13] [Server thread/INFO]: Starting integrated minecraft server version 1.7.10
[22:37:13] [Server thread/INFO]: Generating keypair
[22:37:13] [Server thread/INFO]: Preparing start region for level 0
[22:37:14] [Server thread/INFO]: Changing view distance to 12, from 10
[22:37:14] [Server thread/INFO]: Player312[local:E:8b84e3f7] logged in with entity id 154 at (1066.236572202605, 4.0, 1238.4954102247589)
[22:37:14] [Server thread/INFO]: Player312 joined the game
[22:37:17] [Server thread/INFO]: Player312 has just earned the achievement [Taking Inventory]
[22:37:17] [Client thread/INFO]: [CHAT] Player312 has just earned the achievement [Taking Inventory]
[22:38:24] [Client thread/INFO]: Stopping!
[22:38:24] [Server thread/INFO]: Stopping server
[22:38:24] [Server thread/INFO]: Saving players
[22:38:24] [Server thread/INFO]: Saving worlds
[22:38:24] [Server thread/INFO]: Saving chunks for level 'New World'/Overworld
[22:38:24] [Server thread/INFO]: Saving chunks for level 'New World'/Nether
[22:38:24] [Server thread/INFO]: Saving chunks for level 'New World'/The End
